<?xml version="1.0" encoding="UTF-8"?>
<!-- Generated by org.testng.reporters.JUnitXMLReporter -->
<testsuite hostname="DESKTOP-FF1NHT0" ignored="0" name="Test" tests="3" failures="2" timestamp="13 May 2020 10:58:22 GMT" time="42.428" errors="0">
  <testcase name="test1" time="4.595" classname="org.fail.ExecutionClass"/>
  <testcase name="test2" time="2.547" classname="org.fail.ExecutionClass">
    <failure type="java.lang.AssertionError" message="expected [true] but found [false]">
      <![CDATA[java.lang.AssertionError: expected [true] but found [false]
at org.fail.ExecutionClass.test2(ExecutionClass.java:35)
... Removed 29 stack frames]]>
    </failure>
  </testcase> <!-- test2 -->
  <testcase name="test3" time="4.647" classname="org.fail.ExecutionClass">
    <failure type="java.lang.AssertionError" message="expected [true] but found [false]">
      <![CDATA[java.lang.AssertionError: expected [true] but found [false]
at org.fail.ExecutionClass.test3(ExecutionClass.java:41)
... Removed 29 stack frames]]>
    </failure>
  </testcase> <!-- test3 -->
</testsuite> <!-- Test -->
