<?xml version="1.0" encoding="UTF-8"?>
<!-- Generated by org.testng.reporters.JUnitXMLReporter -->
<testsuite hostname="DESKTOP-FF1NHT0" ignored="2" name="Test(failed)" tests="1" failures="1" timestamp="12 May 2020 08:26:07 GMT" time="0.061" errors="0">
  <testcase name="tes3" time="0.019" classname="org.testprallel.RerunFailed">
    <failure type="java.lang.AssertionError" message="expected [true] but found [false]">
      <![CDATA[java.lang.AssertionError: expected [true] but found [false]
at org.testprallel.RerunFailed.tes3(RerunFailed.java:14)
... Removed 29 stack frames]]>
    </failure>
  </testcase> <!-- tes3 -->
  <testcase name="test1" time="0.0" classname="org.testprallel.RerunFailed">
    <ignored/>
  </testcase> <!-- test1 -->
  <testcase name="test2" time="0.0" classname="org.testprallel.RerunFailed">
    <ignored/>
  </testcase> <!-- test2 -->
</testsuite> <!-- Test(failed) -->
